[1/4] Fetching benchmark data...

[2/4] Fetching universe (source=sec_edgar, exchanges=nasdaq, nyse)...
  fetching SEC EDGAR universe (UA: stock-screening tim@timli.net)...
  base universe (sec_edgar): 7651
  Finviz filter: f=sh_price_o5,sh_avgvol_o200,ta_sma50_pa
  Finviz candidates: 0
  too few Finviz candidates; using full base universe
  universe size: 7651

[3/4] Liquidity pass (price >= $5.00, ADV >= $50,000,000)...
  liquidity batch 1/20: 400 tickers
  liquidity batch 2/20: 400 tickers
  liquidity batch 3/20: 400 tickers
  liquidity batch 4/20: 400 tickers
  liquidity batch 5/20: 400 tickers
  liquidity batch 6/20: 400 tickers
  liquidity batch 7/20: 400 tickers

1 Failed download:
['FBYDP']: YFPricesMissingError('possibly delisted; no price data found  (period=2mo)')
  liquidity batch 8/20: 400 tickers
  liquidity batch 9/20: 400 tickers
  liquidity batch 10/20: 400 tickers
  liquidity batch 11/20: 400 tickers
  liquidity batch 12/20: 400 tickers
  liquidity batch 13/20: 400 tickers
  liquidity batch 14/20: 400 tickers
  liquidity batch 15/20: 400 tickers

1 Failed download:
['PTACW']: YFPricesMissingError('possibly delisted; no price data found  (period=2mo)')
  liquidity batch 16/20: 400 tickers
  liquidity batch 17/20: 400 tickers

2 Failed downloads:
['TARX', 'TCGL']: YFRateLimitError('Too Many Requests. Rate limited. Try after a while.')
  liquidity batch 18/20: 400 tickers

1 Failed download:
['UCFIW']: YFPricesMissingError('possibly delisted; no price data found  (period=2mo)')
  liquidity batch 19/20: 400 tickers
  liquidity batch 20/20: 51 tickers
  liquid survivors: 1614

[4/4] Full SEPA scan on 1614 survivors (Qullamaggie=True)...
  scan batch 1/5: 400 tickers
  scan batch 2/5: 400 tickers
  scan batch 3/5: 400 tickers
  scan batch 4/5: 400 tickers
  scan batch 5/5: 14 tickers
  overlaying vendored Andy-Roger QM breakout / EP scan
  sector bonus applied to local shortlist summary

=== MARKET ENVIRONMENT ===
SPY: price=752.94  50MA=739.87  200MA=691.08  above200=True  above50=True  1y=+21.6%
QQQ: price=723.26  50MA=714.55  200MA=636.62  above200=True  above50=True  1y=+30.8%
IWM: price=295.33  50MA=288.18  200MA=261.03  above200=True  above50=True  1y=+32.7%
Regime: risk_on (score=7/7, min_setup=6, min_entry=4, min_leadership=6)

=== TREND-TEMPLATE PASS RATE: 362/1570 ===
=== REGIME-ELIGIBLE SETUPS: 63/1570 ===
Eligible setup mix: {'sepa_vcp': 27, 'power_play': 56, 'qm_breakout': 0, 'qm_episodic_pivot': 0}

=== BREAKOUT SHORTLIST (risk_on, setup_score>=6): 63 ===

ticker primary_setup  also_fits  qualified_count  best_family_excess  best_family_pct   price  pct_from_hi  pct_to_pivot  base_length  base_depth_pct  base_tightness_pct  tightness_score  support_score  leadership_score  entry_score  setup_score  sector_bonus  sepa_vcp_score  power_play_score  qm_breakout_score  qm_episodic_pivot_score  qm_breakout_vendor_score  qm_episodic_pivot_vendor_score  breakout_ready  quiet_pullback_weeks  distribution_days  avg_close_in_range  up_down_vol_ratio  vol_ratio  rs_vs_spy  rs_pct_rank
   NLY    power_play   sepa_vcp                2                   1             0.88   22.89        -0.43         -0.91        25.00           12.54                5.76                2              3                 7            6            7          0.33               6                 7                  0                        0                      0.00                            0.00            True                     1                  1                0.62               1.44       0.13      10.12        62.93
   IVT    power_play   sepa_vcp                2                   1             0.88   35.20        -2.22         -2.28        45.00           15.47                3.95                2              2                 6            6            7          0.33               6                 7                  0                        0                      0.00                            0.00            True                     2                  1                0.38               1.74       0.05      12.93        65.56
  ELVN      sepa_vcp power_play                2                   1             0.88   50.40        -3.41         -3.80        25.00           36.15                9.80                2              2                10            5            7          0.40               7                 7                  0                        0                      0.00                            0.00           False                     2                  1                0.59               2.45       0.08      99.60        90.27
  CHEF    power_play   sepa_vcp                2                   1             0.88   97.11        -1.12         -2.37        25.00           24.36                9.87                1              2                 8            5            7          0.05               6                 7                  0                        0                      0.00                            0.00            True                     1                  2                0.49               1.99       0.10      31.60        75.03
  AAPL    power_play   sepa_vcp                2                   1             0.88  313.36        -0.90         -1.27        65.00           19.40               13.51                2              2                 7            5            7          0.75               6                 7                  0                        0                      0.00                            0.00            True                     0                  4                0.66               1.33       0.16      26.47        72.09
   ROK    power_play                           1                   1             0.88  471.23        -4.82         -5.25        45.00           15.79                8.78                2              2                 6            5            7          0.55               5                 7                  0                        0                      0.00                            0.00           False                     2                  4                0.61               1.80       0.11      16.90        67.86
    RF      sepa_vcp power_play                2                   1             0.88   30.88         0.00         -0.53        45.00           15.72                4.83                2              2                 6            5            7          0.47               7                 7                  0                        0                      0.00                            0.00            True                     0                  2                0.59               1.57       0.28       6.40        59.67
  USFD    power_play                           1                   1             0.88  100.63        -3.51         -4.32        25.00           22.25                8.07                2              2                 6            5            7          0.00               5                 7                  0                        0                      0.00                            0.00           False                     2                  3                0.61               1.33       0.15       3.75        57.55
  DELL    power_play                           1                   1             0.88  444.15        -4.68         -3.55        25.00           22.46               18.43                0              2                11            4            7          0.75               4                 7                  0                        0                      0.00                            0.00           False                     2                  3                0.62               2.22       0.23     230.87        96.03
  BTSG      sepa_vcp                           1                   1             0.88   71.11        -0.66         -1.33        25.00           22.01                5.58                2              2                11            4            7          0.40               7                 5                  0                        0                      0.00                            0.00            True                     0                  2                0.54               1.63       0.15     219.22        95.71
   PBI    power_play                           1                   1             0.88   18.48         0.00         -0.05        35.00           18.39               10.34                0              2                10            4            7          0.55               5                 7                  0                        0                      0.00                            0.00            True                     1                  2                0.59               1.84       0.25      50.47        82.39
  XMTR    power_play   sepa_vcp                2                   1             0.88   92.40        -4.27         -7.09        25.00           22.76               11.83                1              2                 9            4            7          0.55               6                 7                  0                        0                      0.00                            0.00           False                     0                  2                0.46               1.30       0.09     135.31        92.32
   OUT    power_play                           1                   1             0.88   33.03        -2.58         -5.53        65.00           19.57                7.45                2              2                 8            4            7          0.33               5                 7                  0                        0                      0.00                            0.00           False                     1                  0                0.55               1.57       0.12      74.34        87.20
  JAZZ    power_play                           1                   1             0.88  239.69        -3.45         -4.31        55.00           22.24               10.13                2              2                 7            4            7          0.40               4                 7                  0                        0                      0.00                            0.00           False                     2                  2                0.65               1.05       0.23      91.45        89.24
    HR      sepa_vcp power_play                2                   1             0.88   20.56        -0.68         -1.63        65.00           19.25                3.70                2              0                 7            4            7          0.33               7                 6                  0                        0                      0.00                            0.00            True                     2                  5                0.52               1.13       0.10      12.24        65.04
    GL      sepa_vcp power_play                2                   1             0.88  178.19        -1.09         -2.09        35.00           18.64                4.01                2              2                 6            4            7          0.47               7                 6                  0                        0                      0.00                            0.00            True                     1                  1                0.50               1.39       0.08      29.14        73.69
  LAMR    power_play                           1                   1             0.88  157.84        -2.72         -3.14        55.00           19.53                5.73                2              3                 6            4            7          0.33               4                 7                  0                        0                      0.00                            0.00           False                     0                  2                0.70               3.21       0.30      10.65        63.76
  SEZL      sepa_vcp                           1                   0             0.75  181.00        -1.22         -2.16        25.00           38.74               14.60                1              3                 8            6            6          0.00               6                 5                  0                        0                      0.00                            0.00            True                     2                  1                0.62               2.86       0.16       0.13        53.07
  UMBF      sepa_vcp power_play                2                   0             0.75  144.63        -0.94         -1.54        45.00           16.07                4.57                2              2                 6            6            6          0.47               6                 6                  0                        0                      0.00                            0.00            True                     2                  1                0.57               1.92       0.12       9.96        62.68
   WBS    power_play                           1                   0             0.75   76.49        -1.43         -1.54        55.00            8.91                3.43                2              3                 6            6            6          0.47               4                 6                  0                        0                      0.00                            0.00            True                     1                  2                0.65               1.21       0.16      10.16        63.00
  EBAY      sepa_vcp power_play                2                   0             0.75  116.89        -1.47         -1.76        55.00           19.30                9.28                2              2                 6            6            6         -0.24               6                 6                  0                        0                      0.00                            0.00            True                     2                  1                0.64               1.05       0.14      31.67        75.10
  ENVA      sepa_vcp                           1                   0             0.75  241.79        -0.16         -1.86        25.00           34.67               10.86                1              3                 9            5            6          0.00               6                 5                  0                        0                      0.00                            0.00            True                     0                  2                0.66               2.72       0.11      84.66        88.80
  FFIV    power_play                           1                   0             0.75  429.89        -0.10         -0.66        35.00           13.89               11.80                1              3                 8            5            6          0.75               5                 6                  0                        0                      0.00                            0.00            True                     0                  2                0.65               1.38       0.18      21.71        69.78
   AIR    power_play                           1                   0             0.75  136.02        -5.28         -7.31        25.00           24.14               13.78                1              2                 7            5            6          0.55               5                 6                  0                        0                      0.00                            0.00           False                     2                  1                0.59               1.85       0.09      60.82        84.76
  PRAX      sepa_vcp                           1                   0             0.75  315.71       -11.60        -10.86        25.00           32.58               14.94                1              2                 7            5            6          0.40               6                 5                  0                        0                      0.00                            0.00           False                     2                  2                0.51               2.70       0.19     506.01        99.23
  VCYT    power_play                           1                   0             0.75   57.08        -5.65         -6.30        25.00           24.41               11.67                1              2                 7            5            6          0.40               5                 6                  0                        0                      0.00                            0.00           False                     3                  1                0.51               3.09       0.13      85.75        88.86
  ALKS    power_play                           1                   0             0.75   52.19        -5.48         -6.24        25.00           24.21                9.02                2              2                 7            5            6          0.40               5                 6                  0                        0                      0.00                            0.00           False                     2                  1                0.55               1.23       0.14      49.71        82.27
    SN      sepa_vcp                           1                   0             0.75  152.44         0.00         -1.04        25.00           24.17                8.66                2              3                 7            5            6         -0.24               6                 5                  0                        0                      0.00                            0.00            True                     1                  2                0.72               2.25       0.11      15.45        66.90
  SIRI      sepa_vcp power_play                2                   0             0.75   30.50        -0.83         -2.94        35.00           17.47               12.17                2              2                 7            5            6         -0.78               6                 6                  0                        0                      0.00                            0.00            True                     1                  3                0.61               2.46       0.11       8.99        61.91
   VLY      sepa_vcp power_play                2                   0             0.75   14.66        -1.38         -2.30        45.00           15.56                4.64                2              1                 6            5            6          0.47               6                 6                  0                        0                      0.00                            0.00            True                     2                  4                0.49               1.65       0.12      36.94        77.08
   KEY      sepa_vcp power_play                2                   0             0.75   23.35        -0.35         -1.57        35.00           13.24                4.75                2              1                 6            5            6          0.47               6                 6                  0                        0                      0.00                            0.00            True                     2                  4                0.46               1.45       0.45       8.68        61.40
  NTRA      sepa_vcp power_play                2                   0             0.75  271.17        -4.45         -5.86        25.00           27.51               11.42                2              2                 6            5            6          0.40               6                 6                  0                        0                      0.00                            0.00           False                     2                  2                0.59               1.86       0.13      44.35        80.47
  TRNO      sepa_vcp power_play                2                   0             0.75   68.36        -0.60         -1.61        65.00           15.80                7.17                2              1                 6            5            6          0.33               6                 6                  0                        0                      0.00                            0.00            True                     2                  5                0.60               2.02       0.30       1.03        54.03
   RHP    power_play                           1                   0             0.75  127.28        -2.79         -2.99        35.00           19.37                5.90                2              1                 6            5            6          0.00               5                 6                  0                        0                      0.00                            0.00            True                     2                  5                0.46               1.71       0.17       6.12        59.41
   EIX      sepa_vcp power_play                2                   0             0.75   74.77        -1.28         -2.12        45.00           15.88                5.43                2              1                 6            5            6         -0.11               6                 6                  0                        0                      0.00                            0.00            True                     2                  4                0.43               1.49       0.12      32.17        75.22
  ETSY    power_play                           1                   0             0.75   79.04        -0.78         -1.70        25.00           18.05                9.65                2              2                 6            5            6         -0.24               5                 6                  0                        0                      0.00                            0.00            True                     1                  1                0.59               1.49       0.16      14.26        66.33
  SYRE    power_play                           1                   0             0.75   97.83        -2.48         -4.14        25.00           30.54               14.50                0              2                11            4            6          0.00               5                 6                  0                        0                      0.00                            0.00           False                     1                  3                0.67               1.56       0.14     491.36        99.17
  TIGO    power_play                           1                   0             0.75   96.09         0.00         -0.27        35.00           19.02               12.86                2              1                11            4            6         -0.78               5                 6                  0                        0                      0.00                            0.00            True                     2                  4                0.59               1.93       0.20     159.13        93.41
  DFTX    power_play                           1                   0             0.75   45.49        -6.11           NaN          NaN             NaN                 NaN                1              2                10            4            6          0.00               4                 6                  0                        0                      0.00                            0.00           False                     2                  0                0.56               1.83       0.16     439.96        98.78
   AMD    power_play                           1                   0             0.75  551.71        -5.03         -5.65        25.00           25.23               16.20                0              3                10            4            6          0.00               3                 6                  0                        0                      0.00                            0.00           False                     1                  2                0.62               2.59       0.27     261.06        96.80
   RSI    power_play                           1                   0             0.75   33.20         0.00         -0.96        25.00           23.93               12.78                2              2                10            4            6         -0.24               5                 6                  0                        0                      0.00                            0.00            True                     0                  3                0.67               2.47       0.06      94.92        89.76
  TNGX      sepa_vcp power_play                2                   0             0.75   29.63        -9.94           NaN          NaN             NaN                 NaN                1              2                 9            4            6          0.40               6                 6                  0                        0                      0.00                            0.00           False                     2                  1                0.48               1.79       0.19     363.30        98.21
  CYTK    power_play                           1                   0             0.75   84.41        -3.27         -4.42        25.00           24.55                9.80                2              2                 9            4            6          0.40               5                 6                  0                        0                      0.00                            0.00           False                     1                  2                0.55               1.74       0.16     109.05        91.04
  TVTX    power_play                           1                   0             0.75   56.10        -4.96         -6.66        25.00           25.64                8.81                1              1                 9            4            6          0.00               4                 6                  0                        0                      0.00                            0.00           False                     2                  3                0.50               1.76       0.20     217.33        95.58
  MATX    power_play                           1                   0             0.75  205.00        -0.50         -1.39        45.00           15.58                8.98                2              1                 9            4            6          0.00               4                 6                  0                        0                      0.00                            0.00            True                     0                  5                0.61               0.70       0.11      60.88        84.83
  CSCO    power_play                           1                   0             0.75  120.13        -7.25         -7.51        45.00           30.20                7.33                1              1                 8            4            6          0.75               5                 6                  0                        0                      0.00                            0.00           False                     2                  6                0.56               1.27       0.32      56.68        83.80
   GWW      sepa_vcp power_play                2                   0             0.75 1375.42         0.00         -1.12        45.00           18.10                3.67                2              1                 8            4            6          0.55               6                 6                  0                        0                      0.00                            0.00            True                     1                  2                0.52               1.14       0.14      10.75        63.83
   LTH      sepa_vcp                           1                   0             0.75   41.92        -0.07         -0.90        25.00           24.68                6.63                2              3                 8            4            6         -0.24               6                 5                  0                        0                      0.00                            0.00            True                     1                  2                0.64               2.91       0.10      20.94        69.40
   CRS    power_play                           1                   0             0.75  581.46        -6.10         -7.11        25.00           23.67               10.49                1              2                 7            4            6          0.55               5                 6                  0                        0                      0.00                            0.00           False                     1                  3                0.61               1.50       0.17      89.05        89.18
  LIVN    power_play                           1                   0             0.75   82.08        -2.32         -3.74        35.00           17.04                5.52                2              1                 7            4            6          0.40               5                 6                  0                        0                      0.00                            0.00           False                     2                  2                0.60               1.17       0.05      54.23        83.29

=== QULLAMAGGIE BREAKOUT CANDIDATES: 0 ===
Empty DataFrame
Columns: [ticker, price, ret_6m, qm_breakout_vendor_score, qm_breakout_score, qm_breakout_entry_price, qm_breakout_stop_price, qm_breakout_stop_loss_pct, entry_score, pct_from_hi, pct_to_pivot]
Index: []

=== QULLAMAGGIE EPISODIC PIVOT CANDIDATES: 0 ===
Empty DataFrame
Columns: [ticker, price, ret_6m, recent_expansion, post_expansion_tight, qm_episodic_pivot_vendor_score, qm_episodic_pivot_score, qm_episodic_pivot_entry_price, qm_episodic_pivot_stop_price, qm_episodic_pivot_stop_loss_pct, entry_score, pct_from_hi]
Index: []

=== Done in 7.5 min · results at public/results/latest/results_universe_20260710.csv ===
